<?xml version="1.0" encoding="utf-8"?><testsuites name="pytest tests"><testsuite name="pytest" errors="0" failures="0" skipped="0" tests="17" time="14.224" timestamp="2026-09-14T11:38:44.637665+00:00" hostname="agent-env-33ec78b2-314d-4cb0-8af9-dd47dac62532"><testcase classname="tests.test_documents_api" name="test_me_no_token" time="0.243" /><testcase classname="tests.test_documents_api" name="test_me_invalid_token" time="0.128" /><testcase classname="tests.test_documents_api" name="test_me_valid_token" time="0.168" /><testcase classname="tests.test_documents_api" name="test_logout_clears_session" time="0.498" /><testcase classname="tests.test_documents_api" name="test_upload_requires_auth" time="0.144" /><testcase classname="tests.test_documents_api" name="test_upload_rejects_unsupported_type" time="0.130" /><testcase classname="tests.test_documents_api" name="test_upload_rejects_fake_mime" time="0.143" /><testcase classname="tests.test_documents_api" name="test_upload_rejects_empty_file" time="0.121" /><testcase classname="tests.test_documents_api" name="test_upload_rejects_oversize" time="0.833" /><testcase classname="tests.test_documents_api" name="test_upload_accepts_valid_png" time="1.860" /><testcase classname="tests.test_documents_api" name="test_cross_user_isolation" time="2.410" /><testcase classname="tests.test_documents_api" name="test_extraction_processed" time="4.745" /><testcase classname="tests.test_documents_api" name="test_classification_correct_invalid" time="0.133" /><testcase classname="tests.test_documents_api" name="test_classification_correct_valid" time="0.127" /><testcase classname="tests.test_documents_api" name="test_autofill_preview" time="0.126" /><testcase classname="tests.test_documents_api" name="test_autofill_confirm" time="0.284" /><testcase classname="tests.test_documents_api" name="test_regression_form_help" time="1.995" /></testsuite></testsuites>