<?xml version="1.0" encoding="utf-8"?><testsuites name="pytest tests"><testsuite name="pytest" errors="0" failures="0" skipped="0" tests="11" time="13.420" timestamp="2026-09-14T12:46:01.464742+00:00" hostname="agent-env-33ec78b2-314d-4cb0-8af9-dd47dac62532"><testcase classname="backend.tests.test_iteration5_admin_hindi_hints.TestAdminSummary" name="test_admin_summary_7d" time="2.242" /><testcase classname="backend.tests.test_iteration5_admin_hindi_hints.TestAdminSummary" name="test_days_validation_low" time="0.141" /><testcase classname="backend.tests.test_iteration5_admin_hindi_hints.TestAdminSummary" name="test_days_validation_high" time="0.180" /><testcase classname="backend.tests.test_iteration5_admin_hindi_hints.TestAdminSummary" name="test_non_admin_forbidden" time="0.171" /><testcase classname="backend.tests.test_iteration5_admin_hindi_hints.TestAdminSummary" name="test_no_token_unauthorised" time="0.180" /><testcase classname="backend.tests.test_iteration5_admin_hindi_hints.TestAuthMe" name="test_me_admin_true" time="0.223" /><testcase classname="backend.tests.test_iteration5_admin_hindi_hints.TestAuthMe" name="test_me_plain_false" time="0.153" /><testcase classname="backend.tests.test_iteration5_admin_hindi_hints.TestHindiLLM" name="test_form_help_hindi" time="3.698" /><testcase classname="backend.tests.test_iteration5_admin_hindi_hints.TestHindiLLM" name="test_form_help_english" time="2.918" /><testcase classname="backend.tests.test_iteration5_admin_hindi_hints.TestHindiLLM" name="test_chat_hindi" time="3.217" /><testcase classname="backend.tests.test_iteration5_admin_hindi_hints.TestAutofillHints" name="test_preview_hints" time="0.166" /></testsuite></testsuites>