<?xml version="1.0" encoding="utf-8"?><testsuites name="pytest tests"><testsuite name="pytest" errors="0" failures="0" skipped="0" tests="15" time="5.364" timestamp="2026-09-14T12:17:11.205593+00:00" hostname="agent-env-33ec78b2-314d-4cb0-8af9-dd47dac62532"><testcase classname="backend.tests.test_phase2_forms_autofill" name="test_forms_list" time="0.236" /><testcase classname="backend.tests.test_phase2_forms_autofill" name="test_forms_requirements_passport" time="0.196" /><testcase classname="backend.tests.test_phase2_forms_autofill" name="test_forms_requirements_fallback_generic" time="0.172" /><testcase classname="backend.tests.test_phase2_forms_autofill" name="test_documents_list_conflict_user" time="0.171" /><testcase classname="backend.tests.test_phase2_forms_autofill" name="test_autofill_preview_conflict_dob" time="0.206" /><testcase classname="backend.tests.test_phase2_forms_autofill" name="test_autofill_preview_requires_auth" time="0.223" /><testcase classname="backend.tests.test_phase2_forms_autofill" name="test_autofill_confirm_requires_auth" time="0.152" /><testcase classname="backend.tests.test_phase2_forms_autofill" name="test_autofill_accepts_client_field" time="0.350" /><testcase classname="backend.tests.test_phase2_forms_autofill" name="test_mapping_choice_field_gender" time="0.149" /><testcase classname="backend.tests.test_phase2_forms_autofill" name="test_mapping_radio_skip_out_of_india" time="0.163" /><testcase classname="backend.tests.test_phase2_forms_autofill" name="test_mapping_skip_legal_guardian" time="0.219" /><testcase classname="backend.tests.test_phase2_forms_autofill" name="test_mapping_skip_emergency_section" time="0.177" /><testcase classname="backend.tests.test_phase2_forms_autofill" name="test_mapping_city_present_address_suggests_pune" time="0.167" /><testcase classname="backend.tests.test_phase2_forms_autofill" name="test_form_help_regression" time="2.460" /><testcase classname="backend.tests.test_phase2_forms_autofill" name="test_extension_download" time="0.244" /></testsuite></testsuites>