<?xml version="1.0" encoding="utf-8"?><testsuites name="pytest tests"><testsuite name="pytest" errors="0" failures="1" skipped="0" tests="6" time="6.204" timestamp="2026-09-14T08:43:48.508991+00:00" hostname="agent-env-33ec78b2-314d-4cb0-8af9-dd47dac62532"><testcase classname="backend.tests.test_formwise_api" name="test_form_help_with_new_optional_fields" time="3.689" /><testcase classname="backend.tests.test_formwise_api" name="test_form_help_backward_compat_no_optional" time="1.826" /><testcase classname="backend.tests.test_formwise_api" name="test_chat_endpoint" time="0.182"><failure message="AssertionError: {&quot;detail&quot;:[{&quot;type&quot;:&quot;model_attributes_type&quot;,&quot;loc&quot;:[&quot;body&quot;,&quot;page_context&quot;],&quot;msg&quot;:&quot;Input should be a valid dictionary or object to extract fields from&quot;,&quot;input&quot;:&quot;Indian Passport Seva - Family Details section&quot;,&quot;url&quot;:&quot;https://errors.pydantic.dev/2.12/v/model_attributes_type&quot;}]}&#10;assert 422 == 200&#10; +  where 422 = &lt;Response [422]&gt;.status_code">backend/tests/test_formwise_api.py:49: in test_chat_endpoint
    assert r.status_code == 200, r.text
E   AssertionError: {"detail":[{"type":"model_attributes_type","loc":["body","page_context"],"msg":"Input should be a valid dictionary or object to extract fields from","input":"Indian Passport Seva - Family Details section","url":"https://errors.pydantic.dev/2.12/v/model_attributes_type"}]}
E   assert 422 == 200
E    +  where 422 = &lt;Response [422]&gt;.status_code</failure></testcase><testcase classname="backend.tests.test_formwise_api" name="test_extension_download_zip_contents" time="0.158" /><testcase classname="backend.tests.test_formwise_api" name="test_status_endpoint_removed" time="0.115" /><testcase classname="backend.tests.test_formwise_api" name="test_form_help_history" time="0.119" /></testsuite></testsuites>